{"name": "test_add_group[None:nameK` |=:headerZ%}T q ]k:footertlRrdcG3MU;;?'/|u^H]", "status": "failed", "statusDetails": {"message": "AssertionError: assert [388:name4:he...r_XYf =-, ...] == [388:name4:he...r_XYf =-, ...]\n  Left contains one more item: None:nameK` |=:headerZ%}T q ]k:footertlRrdcG3MU;;?'/|u^H\n  Use -v to get more diff", "trace": "app = <fixture.application.Application object at 0x0000028BE07B21C0>, db = <fixture.db.DbFixture object at 0x0000028BE079CC70>, json_groups = None:nameK` |=:headerZ%}T q ]k:footertlRrdcG3MU;;?'/|u^H\n\n    def test_add_group(app, db, json_groups):\n        group = json_groups\n        old_groups = db.get_group_list()\n        app.group.create(group)\n        new_groups = db.get_group_list()\n        old_groups.append(group)\n>       assert sorted(old_groups, key=Group.id_or_max) == sorted(new_groups, key=Group.id_or_max)\nE       AssertionError: assert [388:name4:he...r_XYf =-, ...] == [388:name4:he...r_XYf =-, ...]\nE         Left contains one more item: None:nameK` |=:headerZ%}T q ]k:footertlRrdcG3MU;;?'/|u^H\nE         Use -v to get more diff\n\ntest\\test_add_group.py:11: AssertionError"}, "parameters": [{"name": "json_groups", "value": "None:nameK` |=:headerZ%}T q ]k:footertlRrdcG3MU;;?'/|u^H"}], "start": 1691583024367, "stop": 1691583025757, "uuid": "bd1dfd86-c7b0-4c4d-96fc-5c4b4fd79689", "historyId": "896ba99ace766439d7b7aa46efed0059", "testCaseId": "8e9b1d07ef6cdb67de3c4a3d82e10652", "fullName": "test.test_add_group#test_add_group", "labels": [{"name": "parentSuite", "value": "test"}, {"name": "suite", "value": "test_add_group"}, {"name": "host", "value": "bergd-nb"}, {"name": "thread", "value": "7792-MainThread"}, {"name": "framework", "value": "pytest"}, {"name": "language", "value": "cpython3"}, {"name": "package", "value": "test.test_add_group"}]}